<?xml version="1.0" encoding="UTF-8"?>
<testsuite name="uk.ac.nottingham.cryptography.Modes.AES.XTSAESFullBlockEncryptTests" tests="3" skipped="0" failures="0" errors="0" timestamp="2026-05-03T19:58:38" hostname="LAPTOP-BERQQN8S" time="0.162">
  <properties/>
  <testcase name="doubleBlockEncryptTests()" classname="uk.ac.nottingham.cryptography.Modes.AES.XTSAESFullBlockEncryptTests" time="0.037"/>
  <testcase name="multiFullBlockEncryptTests()" classname="uk.ac.nottingham.cryptography.Modes.AES.XTSAESFullBlockEncryptTests" time="0.097"/>
  <testcase name="singleBlockEncryptTests()" classname="uk.ac.nottingham.cryptography.Modes.AES.XTSAESFullBlockEncryptTests" time="0.023"/>
  <system-out><![CDATA[]]></system-out>
  <system-err><![CDATA[]]></system-err>
</testsuite>
