<?xml version="1.0" encoding="UTF-8"?>
<testsuite name="uk.ac.nottingham.cryptography.Modes.Zodiac.XTSZodiacFullBlockDecryptTests" tests="3" skipped="0" failures="0" errors="0" timestamp="2026-05-03T19:58:44" hostname="LAPTOP-BERQQN8S" time="0.143">
  <properties/>
  <testcase name="multiFullBlockDecryptTests()" classname="uk.ac.nottingham.cryptography.Modes.Zodiac.XTSZodiacFullBlockDecryptTests" time="0.101"/>
  <testcase name="singleBlockDecryptTests()" classname="uk.ac.nottingham.cryptography.Modes.Zodiac.XTSZodiacFullBlockDecryptTests" time="0.018"/>
  <testcase name="doubleBlockDecryptTests()" classname="uk.ac.nottingham.cryptography.Modes.Zodiac.XTSZodiacFullBlockDecryptTests" time="0.02"/>
  <system-out><![CDATA[]]></system-out>
  <system-err><![CDATA[]]></system-err>
</testsuite>
