<?xml version="1.0" encoding="UTF-8"?>
<testsuite name="uk.ac.nottingham.cryptography.Modes.AES.XTSAESLongTests" tests="3" skipped="0" failures="0" errors="0" timestamp="2026-05-03T19:58:40" hostname="LAPTOP-BERQQN8S" time="3.972">
  <properties/>
  <testcase name="long100MbTest()" classname="uk.ac.nottingham.cryptography.Modes.AES.XTSAESLongTests" time="1.783"/>
  <testcase name="shortSector100MbTest()" classname="uk.ac.nottingham.cryptography.Modes.AES.XTSAESLongTests" time="1.957"/>
  <testcase name="long10MbTest()" classname="uk.ac.nottingham.cryptography.Modes.AES.XTSAESLongTests" time="0.229"/>
  <system-out><![CDATA[]]></system-out>
  <system-err><![CDATA[]]></system-err>
</testsuite>
