<?xml version="1.0" encoding="UTF-8"?>
<testsuite name="uk.ac.nottingham.cryptography.Modes.Zodiac.XTSZodiacPartialBlockDecryptTests" tests="4" skipped="0" failures="0" errors="0" timestamp="2026-05-03T19:59:09" hostname="LAPTOP-BERQQN8S" time="0.035">
  <properties/>
  <testcase name="doubleThenPartialBlockDecryptTests()" classname="uk.ac.nottingham.cryptography.Modes.Zodiac.XTSZodiacPartialBlockDecryptTests" time="0.008"/>
  <testcase name="tripleThenPartialBlockDecryptTests()" classname="uk.ac.nottingham.cryptography.Modes.Zodiac.XTSZodiacPartialBlockDecryptTests" time="0.007"/>
  <testcase name="singleThenPartialBlockDecryptTests()" classname="uk.ac.nottingham.cryptography.Modes.Zodiac.XTSZodiacPartialBlockDecryptTests" time="0.006"/>
  <testcase name="multipleThenPartialBlockDecryptTests()" classname="uk.ac.nottingham.cryptography.Modes.Zodiac.XTSZodiacPartialBlockDecryptTests" time="0.011"/>
  <system-out><![CDATA[]]></system-out>
  <system-err><![CDATA[]]></system-err>
</testsuite>
