<?xml version="1.0" encoding="UTF-8"?>
<testsuite name="uk.ac.nottingham.cryptography.Ciphers.Zodiac.PsiTests" tests="5" skipped="0" failures="0" errors="0" timestamp="2026-05-03T19:58:38" hostname="LAPTOP-BERQQN8S" time="0.022">
  <properties/>
  <testcase name="psiTestOne()" classname="uk.ac.nottingham.cryptography.Ciphers.Zodiac.PsiTests" time="0.002"/>
  <testcase name="psiTestTwo()" classname="uk.ac.nottingham.cryptography.Ciphers.Zodiac.PsiTests" time="0.005"/>
  <testcase name="psiTestThree()" classname="uk.ac.nottingham.cryptography.Ciphers.Zodiac.PsiTests" time="0.003"/>
  <testcase name="psiTestFour()" classname="uk.ac.nottingham.cryptography.Ciphers.Zodiac.PsiTests" time="0.003"/>
  <testcase name="multiPsiTest()" classname="uk.ac.nottingham.cryptography.Ciphers.Zodiac.PsiTests" time="0.002"/>
  <system-out><![CDATA[]]></system-out>
  <system-err><![CDATA[]]></system-err>
</testsuite>
