<?xml version="1.0" encoding="UTF-8"?>
<testsuite name="uk.ac.nottingham.cryptography.Ciphers.Zodiac.KeyScheduleTests" tests="9" skipped="0" failures="0" errors="0" timestamp="2026-05-03T19:58:26" hostname="LAPTOP-BERQQN8S" time="0.06">
  <properties/>
  <testcase name="subKeyLengthTest()" classname="uk.ac.nottingham.cryptography.Ciphers.Zodiac.KeyScheduleTests" time="0.007"/>
  <testcase name="lengthTest()" classname="uk.ac.nottingham.cryptography.Ciphers.Zodiac.KeyScheduleTests" time="0.002"/>
  <testcase name="firstKeyTestOne()" classname="uk.ac.nottingham.cryptography.Ciphers.Zodiac.KeyScheduleTests" time="0.004"/>
  <testcase name="firstKeyTestTwo()" classname="uk.ac.nottingham.cryptography.Ciphers.Zodiac.KeyScheduleTests" time="0.002"/>
  <testcase name="secondKeyTest()" classname="uk.ac.nottingham.cryptography.Ciphers.Zodiac.KeyScheduleTests" time="0.005"/>
  <testcase name="thirdKeyTest()" classname="uk.ac.nottingham.cryptography.Ciphers.Zodiac.KeyScheduleTests" time="0.003"/>
  <testcase name="fullKeyScheduleTestOne()" classname="uk.ac.nottingham.cryptography.Ciphers.Zodiac.KeyScheduleTests" time="0.004"/>
  <testcase name="fullKeyScheduleTestTwo()" classname="uk.ac.nottingham.cryptography.Ciphers.Zodiac.KeyScheduleTests" time="0.003"/>
  <testcase name="fullKeyScheduleTestThree()" classname="uk.ac.nottingham.cryptography.Ciphers.Zodiac.KeyScheduleTests" time="0.004"/>
  <system-out><![CDATA[]]></system-out>
  <system-err><![CDATA[]]></system-err>
</testsuite>
