<?xml version="1.0" encoding="UTF-8"?>
<testsuite name="uk.ac.nottingham.cryptography.Ciphers.Zodiac.InterferenceTests" tests="2" skipped="0" failures="0" errors="0" timestamp="2026-05-03T19:58:26" hostname="LAPTOP-BERQQN8S" time="0.012">
  <properties/>
  <testcase name="noInputChangeEncryptTest()" classname="uk.ac.nottingham.cryptography.Ciphers.Zodiac.InterferenceTests" time="0.008"/>
  <testcase name="noInputChangeDecryptTest()" classname="uk.ac.nottingham.cryptography.Ciphers.Zodiac.InterferenceTests" time="0.002"/>
  <system-out><![CDATA[]]></system-out>
  <system-err><![CDATA[]]></system-err>
</testsuite>
