<?xml version="1.0" encoding="UTF-8"?>
<testsuite name="uk.ac.nottingham.cryptography.Ciphers.Zodiac.LongTests" tests="4" skipped="0" failures="0" errors="0" timestamp="2026-05-03T19:58:28" hostname="LAPTOP-BERQQN8S" time="10.065">
  <properties/>
  <testcase name="long100kbTest()" classname="uk.ac.nottingham.cryptography.Ciphers.Zodiac.LongTests" time="0.022"/>
  <testcase name="long1MbTest()" classname="uk.ac.nottingham.cryptography.Ciphers.Zodiac.LongTests" time="0.101"/>
  <testcase name="long10MbTest()" classname="uk.ac.nottingham.cryptography.Ciphers.Zodiac.LongTests" time="0.904"/>
  <testcase name="long100MbTest()" classname="uk.ac.nottingham.cryptography.Ciphers.Zodiac.LongTests" time="9.034"/>
  <system-out><![CDATA[]]></system-out>
  <system-err><![CDATA[]]></system-err>
</testsuite>
