<?xml version="1.0" encoding="UTF-8"?>
<testsuite name="uk.ac.nottingham.cryptography.Ciphers.Zodiac.PiTests" tests="4" skipped="0" failures="0" errors="0" timestamp="2026-05-03T19:58:38" hostname="LAPTOP-BERQQN8S" time="0.016">
  <properties/>
  <testcase name="piTestOne()" classname="uk.ac.nottingham.cryptography.Ciphers.Zodiac.PiTests" time="0.002"/>
  <testcase name="piTestTwo()" classname="uk.ac.nottingham.cryptography.Ciphers.Zodiac.PiTests" time="0.002"/>
  <testcase name="piTestThree()" classname="uk.ac.nottingham.cryptography.Ciphers.Zodiac.PiTests" time="0.003"/>
  <testcase name="piTestFour()" classname="uk.ac.nottingham.cryptography.Ciphers.Zodiac.PiTests" time="0.005"/>
  <system-out><![CDATA[]]></system-out>
  <system-err><![CDATA[]]></system-err>
</testsuite>
