<?xml version="1.0" encoding="UTF-8"?>
<testsuite name="uk.ac.nottingham.cryptography.Modes.Zodiac.XTSZodiacLongTests" tests="3" skipped="0" failures="0" errors="0" timestamp="2026-05-03T19:58:48" hostname="LAPTOP-BERQQN8S" time="21.565">
  <properties/>
  <testcase name="long100MbTest()" classname="uk.ac.nottingham.cryptography.Modes.Zodiac.XTSZodiacLongTests" time="10.375"/>
  <testcase name="shortSector100MbTest()" classname="uk.ac.nottingham.cryptography.Modes.Zodiac.XTSZodiacLongTests" time="10.171"/>
  <testcase name="long10MbTest()" classname="uk.ac.nottingham.cryptography.Modes.Zodiac.XTSZodiacLongTests" time="1.018"/>
  <system-out><![CDATA[]]></system-out>
  <system-err><![CDATA[]]></system-err>
</testsuite>
