<?xml version="1.0" encoding="UTF-8"?>
<testsuite name="uk.ac.nottingham.cryptography.Ciphers.Zodiac.ReInitTests" tests="3" skipped="0" failures="0" errors="0" timestamp="2026-05-03T19:58:38" hostname="LAPTOP-BERQQN8S" time="0.018">
  <properties/>
  <testcase name="singleReInitTest()" classname="uk.ac.nottingham.cryptography.Ciphers.Zodiac.ReInitTests" time="0.002"/>
  <testcase name="doubleReInitTest()" classname="uk.ac.nottingham.cryptography.Ciphers.Zodiac.ReInitTests" time="0.002"/>
  <testcase name="multiReInitTest()" classname="uk.ac.nottingham.cryptography.Ciphers.Zodiac.ReInitTests" time="0.01"/>
  <system-out><![CDATA[]]></system-out>
  <system-err><![CDATA[]]></system-err>
</testsuite>
