<?xml version="1.0" encoding="UTF-8"?>
<testsuite name="uk.ac.nottingham.cryptography.Ciphers.Zodiac.EncryptTests" tests="5" skipped="0" failures="0" errors="0" timestamp="2026-05-03T19:58:26" hostname="LAPTOP-BERQQN8S" time="0.028">
  <properties/>
  <testcase name="encryptTestOne()" classname="uk.ac.nottingham.cryptography.Ciphers.Zodiac.EncryptTests" time="0.003"/>
  <testcase name="encryptTestTwo()" classname="uk.ac.nottingham.cryptography.Ciphers.Zodiac.EncryptTests" time="0.003"/>
  <testcase name="encryptTestThree()" classname="uk.ac.nottingham.cryptography.Ciphers.Zodiac.EncryptTests" time="0.002"/>
  <testcase name="encryptTestFour()" classname="uk.ac.nottingham.cryptography.Ciphers.Zodiac.EncryptTests" time="0.003"/>
  <testcase name="encryptTestFive()" classname="uk.ac.nottingham.cryptography.Ciphers.Zodiac.EncryptTests" time="0.004"/>
  <system-out><![CDATA[]]></system-out>
  <system-err><![CDATA[]]></system-err>
</testsuite>
