<?xml version="1.0" encoding="UTF-8"?>
<testsuite name="uk.ac.nottingham.cryptography.Modes.AES.XTSAESPartialBlockEncryptTests" tests="4" skipped="0" failures="0" errors="0" timestamp="2026-05-03T19:58:44" hostname="LAPTOP-BERQQN8S" time="0.053">
  <properties/>
  <testcase name="multipleThenPartialBlockTests()" classname="uk.ac.nottingham.cryptography.Modes.AES.XTSAESPartialBlockEncryptTests" time="0.015"/>
  <testcase name="doubleThenPartialBlockEncryptTests()" classname="uk.ac.nottingham.cryptography.Modes.AES.XTSAESPartialBlockEncryptTests" time="0.007"/>
  <testcase name="tripleThenPartialBlockEncryptTests()" classname="uk.ac.nottingham.cryptography.Modes.AES.XTSAESPartialBlockEncryptTests" time="0.015"/>
  <testcase name="singleThenPartialBlockEncryptTests()" classname="uk.ac.nottingham.cryptography.Modes.AES.XTSAESPartialBlockEncryptTests" time="0.009"/>
  <system-out><![CDATA[]]></system-out>
  <system-err><![CDATA[]]></system-err>
</testsuite>
